# JRE version: Java(TM) SE Runtime Environment (21.0.8+12) (build 21.0.8+12-LTS-250)
# Java VM: Java HotSpot(TM) 64-Bit Server VM (21.0.8+12-LTS-250, mixed mode, sharing, tiered, compressed oops, compressed class ptrs, g1 gc, windows-amd64)
GC Precious Log:
 CardTable entry size: 512
 Card Set container configuration: InlinePtr #cards 5 size 8 Array Of Cards #cards 12 size 40 Howl #buckets 4 coarsen threshold 1843 Howl Bitmap #cards 512 size 80 coarsen threshold 460 Card regions per heap region 1 cards per card region 2048
 CPUs: 8 total, 8 available
 Memory: 7926M
 Large Page Support: Disabled
 NUMA Support: Disabled
 Compressed Oops: Enabled (32-bit)
 Heap Region Size: 1M
 Heap Min Capacity: 8M
 Heap Initial Capacity: 124M
 Heap Max Capacity: 1982M
 Pre-touch: Disabled
 Parallel Workers: 8
 Concurrent Workers: 2
 Concurrent Refinement Workers: 8
 Periodic GC: Disabled
Heap:
 garbage-first heap   total 336896K, used 142384K [0x0000000084200000, 0x0000000100000000)
  region size 1024K, 10 young (10240K), 10 survivors (10240K)
 Metaspace       used 47963K, committed 48576K, reserved 1114112K
  class space    used 5215K, committed 5504K, reserved 1048576K
GC Heap History (20 events):
Event: 14.732 GC heap after
{Heap after GC invocations=25 (full 0):
 garbage-first heap   total 228352K, used 102135K [0x0000000084200000, 0x0000000100000000)
  region size 1024K, 12 young (12288K), 12 survivors (12288K)
 Metaspace       used 40174K, committed 40704K, reserved 1114112K
  class space    used 4339K, committed 4608K, reserved 1048576K
}
Event: 14.956 GC heap before
{Heap before GC invocations=25 (full 0):
 garbage-first heap   total 228352K, used 203511K [0x0000000084200000, 0x0000000100000000)
  region size 1024K, 111 young (113664K), 12 survivors (12288K)
 Metaspace       used 40236K, committed 40768K, reserved 1114112K
  class space    used 4341K, committed 4608K, reserved 1048576K
}
Event: 14.974 GC heap after
{Heap after GC invocations=26 (full 0):
 garbage-first heap   total 274432K, used 107624K [0x0000000084200000, 0x0000000100000000)
  region size 1024K, 12 young (12288K), 12 survivors (12288K)
 Metaspace       used 40236K, committed 40768K, reserved 1114112K
  class space    used 4341K, committed 4608K, reserved 1048576K
}
Event: 15.339 GC heap before
{Heap before GC invocations=27 (full 0):
 garbage-first heap   total 274432K, used 245864K [0x0000000084200000, 0x0000000100000000)
  region size 1024K, 148 young (151552K), 12 survivors (12288K)
 Metaspace       used 40296K, committed 40832K, reserved 1114112K
  class space    used 4345K, committed 4608K, reserved 1048576K
}
Event: 15.358 GC heap after
{Heap after GC invocations=28 (full 0):
 garbage-first heap   total 274432K, used 114312K [0x0000000084200000, 0x0000000100000000)
  region size 1024K, 13 young (13312K), 13 survivors (13312K)
 Metaspace       used 40296K, committed 40832K, reserved 1114112K
  class space    used 4345K, committed 4608K, reserved 1048576K
}
Event: 15.588 GC heap before
{Heap before GC invocations=28 (full 0):
 garbage-first heap   total 274432K, used 249480K [0x0000000084200000, 0x0000000100000000)
  region size 1024K, 142 young (145408K), 13 survivors (13312K)
 Metaspace       used 40299K, committed 40832K, reserved 1114112K
  class space    used 4345K, committed 4608K, reserved 1048576K
}
Event: 15.609 GC heap after
{Heap after GC invocations=29 (full 0):
 garbage-first heap   total 274432K, used 122812K [0x0000000084200000, 0x0000000100000000)
  region size 1024K, 15 young (15360K), 15 survivors (15360K)
 Metaspace       used 40299K, committed 40832K, reserved 1114112K
  class space    used 4345K, committed 4608K, reserved 1048576K
}
Event: 15.773 GC heap before
{Heap before GC invocations=29 (full 0):
 garbage-first heap   total 274432K, used 243644K [0x0000000084200000, 0x0000000100000000)
  region size 1024K, 133 young (136192K), 15 survivors (15360K)
 Metaspace       used 40320K, committed 40896K, reserved 1114112K
  class space    used 4348K, committed 4608K, reserved 1048576K
}
Event: 15.787 GC heap after
{Heap after GC invocations=30 (full 0):
 garbage-first heap   total 274432K, used 123746K [0x0000000084200000, 0x0000000100000000)
  region size 1024K, 8 young (8192K), 8 survivors (8192K)
 Metaspace       used 40320K, committed 40896K, reserved 1114112K
  class space    used 4348K, committed 4608K, reserved 1048576K
}
Event: 16.867 GC heap before
{Heap before GC invocations=31 (full 0):
 garbage-first heap   total 295936K, used 248674K [0x0000000084200000, 0x0000000100000000)
  region size 1024K, 132 young (135168K), 8 survivors (8192K)
 Metaspace       used 47039K, committed 47552K, reserved 1114112K
  class space    used 5185K, committed 5440K, reserved 1048576K
}
Event: 16.880 GC heap after
{Heap after GC invocations=32 (full 0):
 garbage-first heap   total 295936K, used 126440K [0x0000000084200000, 0x0000000100000000)
  region size 1024K, 13 young (13312K), 13 survivors (13312K)
 Metaspace       used 47039K, committed 47552K, reserved 1114112K
  class space    used 5185K, committed 5440K, reserved 1048576K
}
Event: 17.712 GC heap before
{Heap before GC invocations=32 (full 0):
 garbage-first heap   total 295936K, used 266728K [0x0000000084200000, 0x0000000100000000)
  region size 1024K, 150 young (153600K), 13 survivors (13312K)
 Metaspace       used 47820K, committed 48448K, reserved 1114112K
  class space    used 5208K, committed 5504K, reserved 1048576K
}
Event: 17.723 GC heap after
{Heap after GC invocations=33 (full 0):
 garbage-first heap   total 295936K, used 126035K [0x0000000084200000, 0x0000000100000000)
  region size 1024K, 7 young (7168K), 7 survivors (7168K)
 Metaspace       used 47820K, committed 48448K, reserved 1114112K
  class space    used 5208K, committed 5504K, reserved 1048576K
}
Event: 18.142 GC heap before
{Heap before GC invocations=33 (full 0):
 garbage-first heap   total 295936K, used 272467K [0x0000000084200000, 0x0000000100000000)
  region size 1024K, 150 young (153600K), 7 survivors (7168K)
 Metaspace       used 47929K, committed 48576K, reserved 1114112K
  class space    used 5215K, committed 5504K, reserved 1048576K
}
Event: 18.167 GC heap after
{Heap after GC invocations=34 (full 0):
 garbage-first heap   total 295936K, used 138893K [0x0000000084200000, 0x0000000100000000)
  region size 1024K, 19 young (19456K), 19 survivors (19456K)
 Metaspace       used 47929K, committed 48576K, reserved 1114112K
  class space    used 5215K, committed 5504K, reserved 1048576K
}
Event: 18.418 GC heap before
{Heap before GC invocations=35 (full 0):
 garbage-first heap   total 336896K, used 258701K [0x0000000084200000, 0x0000000100000000)
  region size 1024K, 136 young (139264K), 19 survivors (19456K)
 Metaspace       used 47934K, committed 48576K, reserved 1114112K
  class space    used 5215K, committed 5504K, reserved 1048576K
}
Event: 18.430 GC heap after
{Heap after GC invocations=36 (full 0):
 garbage-first heap   total 336896K, used 136574K [0x0000000084200000, 0x0000000100000000)
  region size 1024K, 3 young (3072K), 3 survivors (3072K)
 Metaspace       used 47934K, committed 48576K, reserved 1114112K
  class space    used 5215K, committed 5504K, reserved 1048576K
}
Event: 18.690 GC heap before
{Heap before GC invocations=36 (full 0):
 garbage-first heap   total 336896K, used 315774K [0x0000000084200000, 0x0000000100000000)
  region size 1024K, 178 young (182272K), 3 survivors (3072K)
 Metaspace       used 47947K, committed 48576K, reserved 1114112K
  class space    used 5215K, committed 5504K, reserved 1048576K
}
Event: 18.703 GC heap after
{Heap after GC invocations=37 (full 0):
 garbage-first heap   total 336896K, used 143746K [0x0000000084200000, 0x0000000100000000)
  region size 1024K, 10 young (10240K), 10 survivors (10240K)
 Metaspace       used 47947K, committed 48576K, reserved 1114112K
  class space    used 5215K, committed 5504K, reserved 1048576K
}
Event: 18.884 GC heap before
{Heap before GC invocations=37 (full 0):
 garbage-first heap   total 336896K, used 308610K [0x0000000084200000, 0x0000000100000000)
  region size 1024K, 171 young (175104K), 10 survivors (10240K)
 Metaspace       used 47963K, committed 48576K, reserved 1114112K
  class space    used 5215K, committed 5504K, reserved 1048576K
}

